<?xml version="1.0" encoding="UTF-8"?>
<testng-results skipped="0" failed="0" total="1" passed="1">
  <reporter-output>
  </reporter-output>
  <suite name="Default suite" duration-ms="12825" started-at="2014-06-02T17:46:30Z" finished-at="2014-06-02T17:46:42Z">
    <groups>
    </groups>
    <test name="Default test" duration-ms="12825" started-at="2014-06-02T17:46:30Z" finished-at="2014-06-02T17:46:42Z">
      <class name="com.example.tests.GroupRemovalTest">
        <test-method status="PASS" signature="setUp()[pri:0, instance:com.example.tests.GroupRemovalTest@5a42bbf4]" name="setUp" is-config="true" duration-ms="9154" started-at="2014-06-02T21:46:30Z" finished-at="2014-06-02T21:46:39Z">
          <reporter-output>
          </reporter-output>
        </test-method> <!-- setUp -->
        <test-method status="PASS" signature="deleteSomeGroup()[pri:0, instance:com.example.tests.GroupRemovalTest@5a42bbf4]" name="deleteSomeGroup" duration-ms="3368" started-at="2014-06-02T21:46:39Z" finished-at="2014-06-02T21:46:42Z">
          <reporter-output>
          </reporter-output>
        </test-method> <!-- deleteSomeGroup -->
        <test-method status="PASS" signature="tearDown()[pri:0, instance:com.example.tests.GroupRemovalTest@5a42bbf4]" name="tearDown" is-config="true" duration-ms="246" started-at="2014-06-02T21:46:42Z" finished-at="2014-06-02T21:46:42Z">
          <reporter-output>
          </reporter-output>
        </test-method> <!-- tearDown -->
      </class> <!-- com.example.tests.GroupRemovalTest -->
    </test> <!-- Default test -->
  </suite> <!-- Default suite -->
</testng-results>
