<?xml version="1.0" encoding="UTF-8"?>
<testng-results skipped="0" failed="0" total="1" passed="1">
  <reporter-output>
  </reporter-output>
  <suite name="Default suite" duration-ms="9251" started-at="2014-06-02T19:32:45Z" finished-at="2014-06-02T19:32:54Z">
    <groups>
    </groups>
    <test name="Default test" duration-ms="9251" started-at="2014-06-02T19:32:45Z" finished-at="2014-06-02T19:32:54Z">
      <class name="com.example.tests.ContactModifyTest">
        <test-method status="PASS" signature="setUp()[pri:0, instance:com.example.tests.ContactModifyTest@5a42bbf4]" name="setUp" is-config="true" duration-ms="6700" started-at="2014-06-02T23:32:45Z" finished-at="2014-06-02T23:32:51Z">
          <reporter-output>
          </reporter-output>
        </test-method> <!-- setUp -->
        <test-method status="PASS" signature="modifySomeContact()[pri:0, instance:com.example.tests.ContactModifyTest@5a42bbf4]" name="modifySomeContact" duration-ms="2292" started-at="2014-06-02T23:32:51Z" finished-at="2014-06-02T23:32:54Z">
          <reporter-output>
          </reporter-output>
        </test-method> <!-- modifySomeContact -->
        <test-method status="PASS" signature="tearDown()[pri:0, instance:com.example.tests.ContactModifyTest@5a42bbf4]" name="tearDown" is-config="true" duration-ms="246" started-at="2014-06-02T23:32:54Z" finished-at="2014-06-02T23:32:54Z">
          <reporter-output>
          </reporter-output>
        </test-method> <!-- tearDown -->
      </class> <!-- com.example.tests.ContactModifyTest -->
    </test> <!-- Default test -->
  </suite> <!-- Default suite -->
</testng-results>
