<?xml version="1.0" encoding="UTF-8"?>
<!-- Generated by org.testng.reporters.JUnitXMLReporter -->
<testsuite hostname="pmpu115" name="Default test" tests="5" failures="0" timestamp="31 May 2014 20:19:15 GMT" time="21.029" errors="0">
  <testcase name="testFullContactCreation" time="3.422" classname="com.example.tests.ContactCreationTest"/>
  <testcase name="testEmptyGroupCreation" time="3.327" classname="com.example.tests.GroupCreationTests"/>
  <testcase name="testNonEmptyGroupCreation" time="1.897" classname="com.example.tests.GroupCreationTests"/>
  <testcase name="testEmptyGroupCreation" time="0.944" classname="com.example.tests.AlsoGroupCreationTests"/>
  <testcase name="testNonEmptyGroupCreation" time="1.041" classname="com.example.tests.AlsoGroupCreationTests"/>
</testsuite> <!-- Default test -->
